TN:
SF:src\db\utils.ts
FN:17,buildUpateExpression
FN:35,buildFilterExpression
FN:65,buildUserId
FN:66,buildPetId
FN:67,buildPostId
FNF:5
FNH:1
FNDA:0,buildUpateExpression
FNDA:1,buildFilterExpression
FNDA:0,buildUserId
FNDA:0,buildPetId
FNDA:0,buildPostId
DA:1,1
DA:2,1
DA:3,1
DA:4,1
DA:5,1
DA:6,1
DA:7,1
DA:8,1
DA:9,1
DA:10,1
DA:11,1
DA:12,1
DA:13,1
DA:14,1
DA:15,1
DA:16,1
DA:17,1
DA:18,0
DA:19,0
DA:20,0
DA:21,0
DA:22,0
DA:23,0
DA:24,0
DA:25,0
DA:26,0
DA:27,0
DA:28,0
DA:29,0
DA:30,0
DA:31,0
DA:32,0
DA:33,0
DA:34,1
DA:35,1
DA:36,1
DA:37,1
DA:38,1
DA:39,1
DA:40,2
DA:41,2
DA:42,2
DA:43,2
DA:44,1
DA:45,1
DA:46,2
DA:47,2
DA:48,1
DA:49,2
DA:50,1
DA:51,1
DA:52,1
DA:53,1
DA:54,2
DA:55,1
DA:56,1
DA:57,1
DA:58,1
DA:59,1
DA:60,1
DA:61,1
DA:62,1
DA:63,1
DA:64,1
DA:65,1
DA:66,1
DA:67,1
LF:67
LH:51
BRDA:35,0,0,1
BRDA:39,1,0,2
BRDA:43,2,0,1
BRDA:43,3,0,0
BRDA:46,4,0,1
BRDA:47,5,0,1
BRDA:44,6,0,2
BRDA:48,7,0,2
BRF:8
BRH:7
end_of_record
